This file contains any messages produced by compilers while
running configure, to aid debugging if configure makes a mistake.

It was created by CityHash configure 1.1.1, which was
generated by GNU Autoconf 2.69.  Invocation command line was

  $ ./configure --host=i686-w64-mingw32 --prefix=/usr/local/target/opensdk --enable-static --disable-shared --with-mp4v2=no --build=i686-pc-linux

## --------- ##
## Platform. ##
## --------- ##

hostname = zyk
uname -m = aarch64
uname -r = 5.4.0-153-generic
uname -s = Linux
uname -v = #170-Ubuntu SMP Fri Jun 16 13:46:00 UTC 2023

/usr/bin/uname -p = aarch64
/bin/uname -X     = unknown

/bin/arch              = aarch64
/usr/bin/arch -k       = unknown
/usr/convex/getsysinfo = unknown
/usr/bin/hostinfo      = unknown
/bin/machine           = unknown
/usr/bin/oslevel       = unknown
/bin/universe          = unknown

PATH: /usr/local/sbin
PATH: /usr/local/bin
PATH: /usr/sbin
PATH: /usr/bin
PATH: /sbin
PATH: /bin
PATH: /usr/games
PATH: /usr/local/games
PATH: /snap/bin
PATH: /usr/local/go/bin


## ----------- ##
## Core tests. ##
## ----------- ##

configure:2529: checking for a BSD-compatible install
configure:2597: result: /usr/bin/install -c
configure:2608: checking whether build environment is sane
configure:2658: result: yes
configure:2707: checking for i686-w64-mingw32-strip
configure:2737: result: no
configure:2747: checking for strip
configure:2763: found /usr/bin/strip
configure:2774: result: strip
configure:2786: WARNING: using cross tools not prefixed with host triplet
configure:2799: checking for a thread-safe mkdir -p
configure:2838: result: /usr/bin/mkdir -p
configure:2851: checking for gawk
configure:2867: found /usr/bin/gawk
configure:2878: result: gawk
configure:2889: checking whether make sets $(MAKE)
configure:2911: result: yes
configure:3012: checking build system type
configure:3026: result: i686-pc-linux-gnu
configure:3046: checking host system type
configure:3059: result: i686-w64-mingw32
configure:3100: checking how to print strings
configure:3127: result: printf
configure:3160: checking for style of include used by make
configure:3188: result: GNU
configure:3219: checking for i686-w64-mingw32-gcc
configure:3249: result: no
configure:3259: checking for gcc
configure:3275: found /usr/bin/gcc
configure:3286: result: gcc
configure:3515: checking for C compiler version
configure:3524: gcc --version >&5
gcc (Ubuntu 9.4.0-1ubuntu1~20.04.1) 9.4.0
Copyright (C) 2019 Free Software Foundation, Inc.
This is free software; see the source for copying conditions.  There is NO
warranty; not even for MERCHANTABILITY or FITNESS FOR A PARTICULAR PURPOSE.

configure:3535: $? = 0
configure:3524: gcc -v >&5
Using built-in specs.
COLLECT_GCC=gcc
COLLECT_LTO_WRAPPER=/usr/lib/gcc/aarch64-linux-gnu/9/lto-wrapper
Target: aarch64-linux-gnu
Configured with: ../src/configure -v --with-pkgversion='Ubuntu 9.4.0-1ubuntu1~20.04.1' --with-bugurl=file:///usr/share/doc/gcc-9/README.Bugs --enable-languages=c,ada,c++,go,d,fortran,objc,obj-c++,gm2 --prefix=/usr --with-gcc-major-version-only --program-suffix=-9 --program-prefix=aarch64-linux-gnu- --enable-shared --enable-linker-build-id --libexecdir=/usr/lib --without-included-gettext --enable-threads=posix --libdir=/usr/lib --enable-nls --enable-clocale=gnu --enable-libstdcxx-debug --enable-libstdcxx-time=yes --with-default-libstdcxx-abi=new --enable-gnu-unique-object --disable-libquadmath --disable-libquadmath-support --enable-plugin --enable-default-pie --with-system-zlib --with-target-system-zlib=auto --enable-objc-gc=auto --enable-multiarch --enable-fix-cortex-a53-843419 --disable-werror --enable-checking=release --build=aarch64-linux-gnu --host=aarch64-linux-gnu --target=aarch64-linux-gnu
Thread model: posix
gcc version 9.4.0 (Ubuntu 9.4.0-1ubuntu1~20.04.1) 
configure:3535: $? = 0
configure:3524: gcc -V >&5
gcc: error: unrecognized command line option '-V'
gcc: fatal error: no input files
compilation terminated.
configure:3535: $? = 1
configure:3524: gcc -qversion >&5
gcc: error: unrecognized command line option '-qversion'; did you mean '--version'?
gcc: fatal error: no input files
compilation terminated.
configure:3535: $? = 1
configure:3555: checking whether the C compiler works
configure:3577: gcc    conftest.c  >&5
configure:3581: $? = 0
configure:3629: result: yes
configure:3632: checking for C compiler default output file name
configure:3634: result: a.out
configure:3640: checking for suffix of executables
configure:3647: gcc -o conftest    conftest.c  >&5
configure:3651: $? = 0
configure:3673: result: 
configure:3695: checking whether we are cross compiling
configure:3733: result: yes
configure:3738: checking for suffix of object files
configure:3760: gcc -c   conftest.c >&5
configure:3764: $? = 0
configure:3785: result: o
configure:3789: checking whether we are using the GNU C compiler
configure:3808: gcc -c   conftest.c >&5
configure:3808: $? = 0
configure:3817: result: yes
configure:3826: checking whether gcc accepts -g
configure:3846: gcc -c -g  conftest.c >&5
configure:3846: $? = 0
configure:3887: result: yes
configure:3904: checking for gcc option to accept ISO C89
configure:3967: gcc  -c -g -O2  conftest.c >&5
configure:3967: $? = 0
configure:3980: result: none needed
configure:4002: checking dependency style of gcc
configure:4113: result: gcc3
configure:4128: checking for a sed that does not truncate output
configure:4192: result: /usr/bin/sed
configure:4210: checking for grep that handles long lines and -e
configure:4268: result: /usr/bin/grep
configure:4273: checking for egrep
configure:4335: result: /usr/bin/grep -E
configure:4340: checking for fgrep
configure:4402: result: /usr/bin/grep -F
configure:4437: checking for ld used by gcc
configure:4504: result: /usr/bin/ld
configure:4511: checking if the linker (/usr/bin/ld) is GNU ld
configure:4526: result: yes
configure:4538: checking for BSD- or MS-compatible name lister (nm)
configure:4587: result: no
configure:4601: checking for i686-w64-mingw32-dumpbin
configure:4631: result: no
configure:4601: checking for i686-w64-mingw32-link
configure:4631: result: no
configure:4645: checking for dumpbin
configure:4675: result: no
configure:4645: checking for link
configure:4661: found /usr/bin/link
configure:4672: result: link -dump
configure:4717: checking the name lister (nm) interface
configure:4724: gcc -c -g -O2  conftest.c >&5
configure:4727: nm "conftest.o"
configure:4730: output
0000000000000000 B some_variable
configure:4731: result: BSD nm
configure:4734: checking whether ln -s works
configure:4738: result: yes
configure:4746: checking the maximum length of command line arguments
configure:4871: result: 1572864
configure:4888: checking whether the shell understands some XSI constructs
configure:4897: result: yes
configure:4901: checking whether the shell understands "+="
configure:4905: result: yes
configure:4940: checking how to convert i686-pc-linux-gnu file names to i686-w64-mingw32 format
configure:4980: result: func_convert_file_nix_to_w32
configure:4987: checking how to convert i686-pc-linux-gnu file names to toolchain format
configure:5007: result: func_convert_file_noop
configure:5014: checking for /usr/bin/ld option to reload object files
configure:5021: result: -r
configure:5055: checking for i686-w64-mingw32-objdump
configure:5085: result: no
configure:5095: checking for objdump
configure:5111: found /usr/bin/objdump
configure:5122: result: objdump
configure:5154: checking how to recognize dependent libraries
configure:5356: result: file_magic ^x86 archive import|^x86 DLL
configure:5401: checking for i686-w64-mingw32-dlltool
configure:5431: result: no
configure:5441: checking for dlltool
configure:5471: result: no
configure:5501: checking how to associate runtime and link libraries
configure:5528: result: func_cygming_dll_for_implib_fallback
configure:5545: checking for i686-w64-mingw32-ar
configure:5575: result: no
configure:5589: checking for ar
configure:5605: found /usr/bin/ar
configure:5616: result: ar
configure:5653: checking for archiver @FILE support
configure:5670: gcc -c -g -O2  conftest.c >&5
configure:5670: $? = 0
configure:5673: ar cru libconftest.a @conftest.lst >&5
ar: `u' modifier ignored since `D' is the default (see `U')
configure:5676: $? = 0
configure:5681: ar cru libconftest.a @conftest.lst >&5
ar: `u' modifier ignored since `D' is the default (see `U')
ar: conftest.o: No such file or directory
configure:5684: $? = 1
configure:5683: result: @
configure:5701: checking for i686-w64-mingw32-strip
configure:5728: result: strip
configure:5800: checking for i686-w64-mingw32-ranlib
configure:5830: result: no
configure:5840: checking for ranlib
configure:5856: found /usr/bin/ranlib
configure:5867: result: ranlib
configure:5969: checking command to parse nm output from gcc object
configure:6088: gcc -c -g -O2  conftest.c >&5
configure:6091: $? = 0
configure:6095: nm conftest.o \| sed -n -e 's/^.*[ ]\([ABCDGIRSTW][ABCDGIRSTW]*\)[ ][ ]*\([_A-Za-z][_A-Za-z0-9]*\)$/\1 \2 \2/p' | sed '/ __gnu_lto/d' \> conftest.nm
configure:6098: $? = 0
configure:6164: gcc -o conftest -g -O2   conftest.c conftstm.o >&5
configure:6167: $? = 0
configure:6205: result: ok
configure:6242: checking for sysroot
configure:6272: result: no
configure:6475: checking for i686-w64-mingw32-mt
configure:6505: result: no
configure:6515: checking for mt
configure:6531: found /usr/bin/mt
configure:6542: result: mt
configure:6565: checking if mt is a manifest tool
configure:6571: mt '-?'
configure:6579: result: no
configure:7211: checking how to run the C preprocessor
configure:7242: gcc -E  conftest.c
configure:7242: $? = 0
configure:7256: gcc -E  conftest.c
conftest.c:9:10: fatal error: ac_nonexistent.h: No such file or directory
    9 | #include <ac_nonexistent.h>
      |          ^~~~~~~~~~~~~~~~~~
compilation terminated.
configure:7256: $? = 1
configure: failed program was:
| /* confdefs.h */
| #define PACKAGE_NAME "CityHash"
| #define PACKAGE_TARNAME "cityhash"
| #define PACKAGE_VERSION "1.1.1"
| #define PACKAGE_STRING "CityHash 1.1.1"
| #define PACKAGE_BUGREPORT "cityhash-discuss@googlegroups.com"
| #define PACKAGE_URL ""
| /* end confdefs.h.  */
| #include <ac_nonexistent.h>
configure:7281: result: gcc -E
configure:7301: gcc -E  conftest.c
configure:7301: $? = 0
configure:7315: gcc -E  conftest.c
conftest.c:9:10: fatal error: ac_nonexistent.h: No such file or directory
    9 | #include <ac_nonexistent.h>
      |          ^~~~~~~~~~~~~~~~~~
compilation terminated.
configure:7315: $? = 1
configure: failed program was:
| /* confdefs.h */
| #define PACKAGE_NAME "CityHash"
| #define PACKAGE_TARNAME "cityhash"
| #define PACKAGE_VERSION "1.1.1"
| #define PACKAGE_STRING "CityHash 1.1.1"
| #define PACKAGE_BUGREPORT "cityhash-discuss@googlegroups.com"
| #define PACKAGE_URL ""
| /* end confdefs.h.  */
| #include <ac_nonexistent.h>
configure:7344: checking for ANSI C header files
configure:7364: gcc -c -g -O2  conftest.c >&5
configure:7364: $? = 0
configure:7448: result: yes
configure:7461: checking for sys/types.h
configure:7461: gcc -c -g -O2  conftest.c >&5
configure:7461: $? = 0
configure:7461: result: yes
configure:7461: checking for sys/stat.h
configure:7461: gcc -c -g -O2  conftest.c >&5
configure:7461: $? = 0
configure:7461: result: yes
configure:7461: checking for stdlib.h
configure:7461: gcc -c -g -O2  conftest.c >&5
configure:7461: $? = 0
configure:7461: result: yes
configure:7461: checking for string.h
configure:7461: gcc -c -g -O2  conftest.c >&5
configure:7461: $? = 0
configure:7461: result: yes
configure:7461: checking for memory.h
configure:7461: gcc -c -g -O2  conftest.c >&5
configure:7461: $? = 0
configure:7461: result: yes
configure:7461: checking for strings.h
configure:7461: gcc -c -g -O2  conftest.c >&5
configure:7461: $? = 0
configure:7461: result: yes
configure:7461: checking for inttypes.h
configure:7461: gcc -c -g -O2  conftest.c >&5
configure:7461: $? = 0
configure:7461: result: yes
configure:7461: checking for stdint.h
configure:7461: gcc -c -g -O2  conftest.c >&5
configure:7461: $? = 0
configure:7461: result: yes
configure:7461: checking for unistd.h
configure:7461: gcc -c -g -O2  conftest.c >&5
configure:7461: $? = 0
configure:7461: result: yes
configure:7475: checking for dlfcn.h
configure:7475: gcc -c -g -O2  conftest.c >&5
configure:7475: $? = 0
configure:7475: result: yes
configure:7662: checking for objdir
configure:7677: result: .libs
configure:7948: checking if gcc supports -fno-rtti -fno-exceptions
configure:7966: gcc -c -g -O2  -fno-rtti -fno-exceptions conftest.c >&5
cc1: warning: command line option '-fno-rtti' is valid for C++/D/ObjC++ but not for C
configure:7970: $? = 0
configure:7983: result: no
configure:8293: checking for gcc option to produce PIC
configure:8300: result: -DDLL_EXPORT -DPIC
configure:8308: checking if gcc PIC flag -DDLL_EXPORT -DPIC works
configure:8326: gcc -c -g -O2  -DDLL_EXPORT -DPIC -DPIC conftest.c >&5
configure:8330: $? = 0
configure:8343: result: yes
configure:8372: checking if gcc static flag -static works
configure:8400: result: yes
configure:8415: checking if gcc supports -c -o file.o
configure:8436: gcc -c -g -O2  -o out/conftest2.o conftest.c >&5
configure:8440: $? = 0
configure:8462: result: yes
configure:8470: checking if gcc supports -c -o file.o
configure:8517: result: yes
configure:8550: checking whether the gcc linker (/usr/bin/ld) supports shared libraries
configure:9708: result: no
configure:9953: checking dynamic linker characteristics
configure:10689: result: Win32 ld.exe
configure:10796: checking how to hardcode library paths into programs
configure:10821: result: unsupported
configure:11361: checking whether stripping libraries is possible
configure:11366: result: yes
configure:11401: checking if libtool supports shared libraries
configure:11403: result: no
configure:11406: checking whether to build shared libraries
configure:11427: result: no
configure:11430: checking whether to build static libraries
configure:11434: result: yes
configure:8501: checking for i686-w64-mingw32-g++
configure:8531: result: no
configure:8501: checking for i686-w64-mingw32-c++
configure:8531: result: no
configure:8501: checking for i686-w64-mingw32-gpp
configure:8531: result: no
configure:8501: checking for i686-w64-mingw32-aCC
configure:8531: result: no
configure:8501: checking for i686-w64-mingw32-CC
configure:8531: result: no
configure:8501: checking for i686-w64-mingw32-cxx
configure:8531: result: no
configure:8501: checking for i686-w64-mingw32-cc++
configure:8531: result: no
configure:8501: checking for i686-w64-mingw32-cl.exe
configure:8531: result: no
configure:8501: checking for i686-w64-mingw32-FCC
configure:8531: result: no
configure:8501: checking for i686-w64-mingw32-KCC
configure:8531: result: no
configure:8501: checking for i686-w64-mingw32-RCC
configure:8531: result: no
configure:8501: checking for i686-w64-mingw32-xlC_r
configure:8531: result: no
configure:8501: checking for i686-w64-mingw32-xlC
configure:8531: result: no
configure:8545: checking for g++
configure:8561: found /usr/bin/g++
configure:8572: result: g++
configure:8599: checking for C++ compiler version
configure:8608: g++ --version >&5
g++ (Ubuntu 9.4.0-1ubuntu1~20.04.1) 9.4.0
Copyright (C) 2019 Free Software Foundation, Inc.
This is free software; see the source for copying conditions.  There is NO
warranty; not even for MERCHANTABILITY or FITNESS FOR A PARTICULAR PURPOSE.

configure:8619: $? = 0
configure:8608: g++ -v >&5
Using built-in specs.
COLLECT_GCC=g++
COLLECT_LTO_WRAPPER=/usr/lib/gcc/aarch64-linux-gnu/9/lto-wrapper
Target: aarch64-linux-gnu
Configured with: ../src/configure -v --with-pkgversion='Ubuntu 9.4.0-1ubuntu1~20.04.1' --with-bugurl=file:///usr/share/doc/gcc-9/README.Bugs --enable-languages=c,ada,c++,go,d,fortran,objc,obj-c++,gm2 --prefix=/usr --with-gcc-major-version-only --program-suffix=-9 --program-prefix=aarch64-linux-gnu- --enable-shared --enable-linker-build-id --libexecdir=/usr/lib --without-included-gettext --enable-threads=posix --libdir=/usr/lib --enable-nls --enable-clocale=gnu --enable-libstdcxx-debug --enable-libstdcxx-time=yes --with-default-libstdcxx-abi=new --enable-gnu-unique-object --disable-libquadmath --disable-libquadmath-support --enable-plugin --enable-default-pie --with-system-zlib --with-target-system-zlib=auto --enable-objc-gc=auto --enable-multiarch --enable-fix-cortex-a53-843419 --disable-werror --enable-checking=release --build=aarch64-linux-gnu --host=aarch64-linux-gnu --target=aarch64-linux-gnu
Thread model: posix
gcc version 9.4.0 (Ubuntu 9.4.0-1ubuntu1~20.04.1) 
configure:8619: $? = 0
configure:8608: g++ -V >&5
g++: error: unrecognized command line option '-V'
g++: fatal error: no input files
compilation terminated.
configure:8619: $? = 1
configure:8608: g++ -qversion >&5
g++: error: unrecognized command line option '-qversion'; did you mean '--version'?
g++: fatal error: no input files
compilation terminated.
configure:8619: $? = 1
configure:8623: checking whether we are using the GNU C++ compiler
configure:8642: g++ -c   conftest.cpp >&5
configure:8642: $? = 0
configure:8651: result: yes
configure:8660: checking whether g++ accepts -g
configure:8680: g++ -c -g  conftest.cpp >&5
configure:8680: $? = 0
configure:8721: result: yes
configure:8746: checking dependency style of g++
configure:8857: result: gcc3
configure:8890: checking how to run the C++ preprocessor
configure:8917: g++ -E  conftest.cpp
configure:8917: $? = 0
configure:8931: g++ -E  conftest.cpp
conftest.cpp:21:10: fatal error: ac_nonexistent.h: No such file or directory
   21 | #include <ac_nonexistent.h>
      |          ^~~~~~~~~~~~~~~~~~
compilation terminated.
configure:8931: $? = 1
configure: failed program was:
| /* confdefs.h */
| #define PACKAGE_NAME "CityHash"
| #define PACKAGE_TARNAME "cityhash"
| #define PACKAGE_VERSION "1.1.1"
| #define PACKAGE_STRING "CityHash 1.1.1"
| #define PACKAGE_BUGREPORT "cityhash-discuss@googlegroups.com"
| #define PACKAGE_URL ""
| #define STDC_HEADERS 1
| #define HAVE_SYS_TYPES_H 1
| #define HAVE_SYS_STAT_H 1
| #define HAVE_STDLIB_H 1
| #define HAVE_STRING_H 1
| #define HAVE_MEMORY_H 1
| #define HAVE_STRINGS_H 1
| #define HAVE_INTTYPES_H 1
| #define HAVE_STDINT_H 1
| #define HAVE_UNISTD_H 1
| #define HAVE_DLFCN_H 1
| #define LT_OBJDIR ".libs/"
| /* end confdefs.h.  */
| #include <ac_nonexistent.h>
configure:8956: result: g++ -E
configure:8976: g++ -E  conftest.cpp
configure:8976: $? = 0
configure:8990: g++ -E  conftest.cpp
conftest.cpp:21:10: fatal error: ac_nonexistent.h: No such file or directory
   21 | #include <ac_nonexistent.h>
      |          ^~~~~~~~~~~~~~~~~~
compilation terminated.
configure:8990: $? = 1
configure: failed program was:
| /* confdefs.h */
| #define PACKAGE_NAME "CityHash"
| #define PACKAGE_TARNAME "cityhash"
| #define PACKAGE_VERSION "1.1.1"
| #define PACKAGE_STRING "CityHash 1.1.1"
| #define PACKAGE_BUGREPORT "cityhash-discuss@googlegroups.com"
| #define PACKAGE_URL ""
| #define STDC_HEADERS 1
| #define HAVE_SYS_TYPES_H 1
| #define HAVE_SYS_STAT_H 1
| #define HAVE_STDLIB_H 1
| #define HAVE_STRING_H 1
| #define HAVE_MEMORY_H 1
| #define HAVE_STRINGS_H 1
| #define HAVE_INTTYPES_H 1
| #define HAVE_STDINT_H 1
| #define HAVE_UNISTD_H 1
| #define HAVE_DLFCN_H 1
| #define LT_OBJDIR ".libs/"
| /* end confdefs.h.  */
| #include <ac_nonexistent.h>
configure:9160: checking for ld used by g++
configure:9227: result: /usr/bin/ld
configure:9234: checking if the linker (/usr/bin/ld) is GNU ld
configure:9249: result: yes
configure:9304: checking whether the g++ linker (/usr/bin/ld) supports shared libraries
configure:10308: result: no
configure:10343: g++ -c -g -O2  conftest.cpp >&5
configure:10346: $? = 0
configure:10866: checking for g++ option to produce PIC
configure:10873: result: -DDLL_EXPORT -DPIC
configure:10881: checking if g++ PIC flag -DDLL_EXPORT -DPIC works
configure:10899: g++ -c -g -O2  -DDLL_EXPORT -DPIC -DPIC conftest.cpp >&5
configure:10903: $? = 0
configure:10916: result: yes
configure:10939: checking if g++ static flag -static works
configure:10967: result: yes
configure:10979: checking if g++ supports -c -o file.o
configure:11000: g++ -c -g -O2  -o out/conftest2.o conftest.cpp >&5
configure:11004: $? = 0
configure:11026: result: yes
configure:11031: checking if g++ supports -c -o file.o
configure:11078: result: yes
configure:11108: checking whether the g++ linker (/usr/bin/ld) supports shared libraries
configure:11142: result: no
configure:11285: checking dynamic linker characteristics
configure:11955: result: Win32 ld.exe
configure:12008: checking how to hardcode library paths into programs
configure:12033: result: immediate
configure:11016: checking whether byte ordering is bigendian
configure:11031: g++ -c -g -O2  conftest.cpp >&5
conftest.cpp:22:9: error: expected unqualified-id before 'not' token
   22 |         not a universal capable compiler
      |         ^~~
configure:11031: $? = 1
configure: failed program was:
| /* confdefs.h */
| #define PACKAGE_NAME "CityHash"
| #define PACKAGE_TARNAME "cityhash"
| #define PACKAGE_VERSION "1.1.1"
| #define PACKAGE_STRING "CityHash 1.1.1"
| #define PACKAGE_BUGREPORT "cityhash-discuss@googlegroups.com"
| #define PACKAGE_URL ""
| #define STDC_HEADERS 1
| #define HAVE_SYS_TYPES_H 1
| #define HAVE_SYS_STAT_H 1
| #define HAVE_STDLIB_H 1
| #define HAVE_STRING_H 1
| #define HAVE_MEMORY_H 1
| #define HAVE_STRINGS_H 1
| #define HAVE_INTTYPES_H 1
| #define HAVE_STDINT_H 1
| #define HAVE_UNISTD_H 1
| #define HAVE_DLFCN_H 1
| #define LT_OBJDIR ".libs/"
| /* end confdefs.h.  */
| #ifndef __APPLE_CC__
| 	       not a universal capable compiler
| 	     #endif
| 	     typedef int dummy;
| 
configure:11076: g++ -c -g -O2  conftest.cpp >&5
configure:11076: $? = 0
configure:11094: g++ -c -g -O2  conftest.cpp >&5
conftest.cpp: In function 'int main()':
conftest.cpp:28:8: error: 'big' was not declared in this scope
   28 |    not big endian
      |        ^~~
configure:11094: $? = 1
configure: failed program was:
| /* confdefs.h */
| #define PACKAGE_NAME "CityHash"
| #define PACKAGE_TARNAME "cityhash"
| #define PACKAGE_VERSION "1.1.1"
| #define PACKAGE_STRING "CityHash 1.1.1"
| #define PACKAGE_BUGREPORT "cityhash-discuss@googlegroups.com"
| #define PACKAGE_URL ""
| #define STDC_HEADERS 1
| #define HAVE_SYS_TYPES_H 1
| #define HAVE_SYS_STAT_H 1
| #define HAVE_STDLIB_H 1
| #define HAVE_STRING_H 1
| #define HAVE_MEMORY_H 1
| #define HAVE_STRINGS_H 1
| #define HAVE_INTTYPES_H 1
| #define HAVE_STDINT_H 1
| #define HAVE_UNISTD_H 1
| #define HAVE_DLFCN_H 1
| #define LT_OBJDIR ".libs/"
| /* end confdefs.h.  */
| #include <sys/types.h>
| 		#include <sys/param.h>
| 
| int
| main ()
| {
| #if BYTE_ORDER != BIG_ENDIAN
| 		 not big endian
| 		#endif
| 
|   ;
|   return 0;
| }
configure:11222: result: no
configure:11248: checking for stdint.h
configure:11248: result: yes
configure:11248: checking for stdlib.h
configure:11248: result: yes
configure:11260: checking for inline
configure:11276: g++ -c -g -O2  conftest.cpp >&5
configure:11276: $? = 0
configure:11284: result: inline
configure:11302: checking for size_t
configure:11302: g++ -c -g -O2  conftest.cpp >&5
configure:11302: $? = 0
configure:11302: g++ -c -g -O2  conftest.cpp >&5
conftest.cpp: In function 'int main()':
conftest.cpp:59:20: error: expected primary-expression before ')' token
   59 | if (sizeof ((size_t)))
      |                    ^
configure:11302: $? = 1
configure: failed program was:
| /* confdefs.h */
| #define PACKAGE_NAME "CityHash"
| #define PACKAGE_TARNAME "cityhash"
| #define PACKAGE_VERSION "1.1.1"
| #define PACKAGE_STRING "CityHash 1.1.1"
| #define PACKAGE_BUGREPORT "cityhash-discuss@googlegroups.com"
| #define PACKAGE_URL ""
| #define STDC_HEADERS 1
| #define HAVE_SYS_TYPES_H 1
| #define HAVE_SYS_STAT_H 1
| #define HAVE_STDLIB_H 1
| #define HAVE_STRING_H 1
| #define HAVE_MEMORY_H 1
| #define HAVE_STRINGS_H 1
| #define HAVE_INTTYPES_H 1
| #define HAVE_STDINT_H 1
| #define HAVE_UNISTD_H 1
| #define HAVE_DLFCN_H 1
| #define LT_OBJDIR ".libs/"
| #define HAVE_STDINT_H 1
| #define HAVE_STDLIB_H 1
| /* end confdefs.h.  */
| #include <stdio.h>
| #ifdef HAVE_SYS_TYPES_H
| # include <sys/types.h>
| #endif
| #ifdef HAVE_SYS_STAT_H
| # include <sys/stat.h>
| #endif
| #ifdef STDC_HEADERS
| # include <stdlib.h>
| # include <stddef.h>
| #else
| # ifdef HAVE_STDLIB_H
| #  include <stdlib.h>
| # endif
| #endif
| #ifdef HAVE_STRING_H
| # if !defined STDC_HEADERS && defined HAVE_MEMORY_H
| #  include <memory.h>
| # endif
| # include <string.h>
| #endif
| #ifdef HAVE_STRINGS_H
| # include <strings.h>
| #endif
| #ifdef HAVE_INTTYPES_H
| # include <inttypes.h>
| #endif
| #ifdef HAVE_STDINT_H
| # include <stdint.h>
| #endif
| #ifdef HAVE_UNISTD_H
| # include <unistd.h>
| #endif
| int
| main ()
| {
| if (sizeof ((size_t)))
| 	    return 0;
|   ;
|   return 0;
| }
configure:11302: result: yes
configure:11313: checking for ssize_t
configure:11313: g++ -c -g -O2  conftest.cpp >&5
configure:11313: $? = 0
configure:11313: g++ -c -g -O2  conftest.cpp >&5
conftest.cpp: In function 'int main()':
conftest.cpp:59:21: error: expected primary-expression before ')' token
   59 | if (sizeof ((ssize_t)))
      |                     ^
configure:11313: $? = 1
configure: failed program was:
| /* confdefs.h */
| #define PACKAGE_NAME "CityHash"
| #define PACKAGE_TARNAME "cityhash"
| #define PACKAGE_VERSION "1.1.1"
| #define PACKAGE_STRING "CityHash 1.1.1"
| #define PACKAGE_BUGREPORT "cityhash-discuss@googlegroups.com"
| #define PACKAGE_URL ""
| #define STDC_HEADERS 1
| #define HAVE_SYS_TYPES_H 1
| #define HAVE_SYS_STAT_H 1
| #define HAVE_STDLIB_H 1
| #define HAVE_STRING_H 1
| #define HAVE_MEMORY_H 1
| #define HAVE_STRINGS_H 1
| #define HAVE_INTTYPES_H 1
| #define HAVE_STDINT_H 1
| #define HAVE_UNISTD_H 1
| #define HAVE_DLFCN_H 1
| #define LT_OBJDIR ".libs/"
| #define HAVE_STDINT_H 1
| #define HAVE_STDLIB_H 1
| /* end confdefs.h.  */
| #include <stdio.h>
| #ifdef HAVE_SYS_TYPES_H
| # include <sys/types.h>
| #endif
| #ifdef HAVE_SYS_STAT_H
| # include <sys/stat.h>
| #endif
| #ifdef STDC_HEADERS
| # include <stdlib.h>
| # include <stddef.h>
| #else
| # ifdef HAVE_STDLIB_H
| #  include <stdlib.h>
| # endif
| #endif
| #ifdef HAVE_STRING_H
| # if !defined STDC_HEADERS && defined HAVE_MEMORY_H
| #  include <memory.h>
| # endif
| # include <string.h>
| #endif
| #ifdef HAVE_STRINGS_H
| # include <strings.h>
| #endif
| #ifdef HAVE_INTTYPES_H
| # include <inttypes.h>
| #endif
| #ifdef HAVE_STDINT_H
| # include <stdint.h>
| #endif
| #ifdef HAVE_UNISTD_H
| # include <unistd.h>
| #endif
| int
| main ()
| {
| if (sizeof ((ssize_t)))
| 	    return 0;
|   ;
|   return 0;
| }
configure:11313: result: yes
configure:11324: checking for uint32_t
configure:11324: g++ -c -g -O2  conftest.cpp >&5
configure:11324: $? = 0
configure:11324: result: yes
configure:11338: checking for uint64_t
configure:11338: g++ -c -g -O2  conftest.cpp >&5
configure:11338: $? = 0
configure:11338: result: yes
configure:11352: checking for uint8_t
configure:11352: g++ -c -g -O2  conftest.cpp >&5
configure:11352: $? = 0
configure:11352: result: yes
configure:11368: checking if the compiler supports __builtin_expect
configure:11381: g++ -c -g -O2  conftest.cpp >&5
configure:11381: $? = 0
configure:11384: result: yes
configure:11532: creating ./config.status

## ---------------------- ##
## Running config.status. ##
## ---------------------- ##

This file was extended by CityHash config.status 1.1.1, which was
generated by GNU Autoconf 2.69.  Invocation command line was

  CONFIG_FILES    = 
  CONFIG_HEADERS  = 
  CONFIG_LINKS    = 
  CONFIG_COMMANDS = 
  $ ./config.status 

on zyk

config.status:1147: creating Makefile
config.status:1147: creating src/Makefile
config.status:1147: creating config.h
config.status:1376: executing depfiles commands
config.status:1376: executing libtool commands
configure:14027: WARNING: unrecognized options: --with-mp4v2

## ---------------- ##
## Cache variables. ##
## ---------------- ##

ac_cv_build=i686-pc-linux-gnu
ac_cv_c_bigendian=no
ac_cv_c_compiler_gnu=yes
ac_cv_c_inline=inline
ac_cv_c_uint32_t=yes
ac_cv_c_uint64_t=yes
ac_cv_c_uint8_t=yes
ac_cv_cxx_compiler_gnu=yes
ac_cv_env_CCC_set=
ac_cv_env_CCC_value=
ac_cv_env_CC_set=
ac_cv_env_CC_value=
ac_cv_env_CFLAGS_set=
ac_cv_env_CFLAGS_value=
ac_cv_env_CPPFLAGS_set=
ac_cv_env_CPPFLAGS_value=
ac_cv_env_CPP_set=
ac_cv_env_CPP_value=
ac_cv_env_CXXCPP_set=
ac_cv_env_CXXCPP_value=
ac_cv_env_CXXFLAGS_set=
ac_cv_env_CXXFLAGS_value=
ac_cv_env_CXX_set=
ac_cv_env_CXX_value=
ac_cv_env_LDFLAGS_set=
ac_cv_env_LDFLAGS_value=
ac_cv_env_LIBS_set=
ac_cv_env_LIBS_value=
ac_cv_env_build_alias_set=set
ac_cv_env_build_alias_value=i686-pc-linux
ac_cv_env_host_alias_set=set
ac_cv_env_host_alias_value=i686-w64-mingw32
ac_cv_env_target_alias_set=
ac_cv_env_target_alias_value=
ac_cv_header_dlfcn_h=yes
ac_cv_header_inttypes_h=yes
ac_cv_header_memory_h=yes
ac_cv_header_stdc=yes
ac_cv_header_stdint_h=yes
ac_cv_header_stdlib_h=yes
ac_cv_header_string_h=yes
ac_cv_header_strings_h=yes
ac_cv_header_sys_stat_h=yes
ac_cv_header_sys_types_h=yes
ac_cv_header_unistd_h=yes
ac_cv_host=i686-w64-mingw32
ac_cv_objext=o
ac_cv_path_EGREP='/usr/bin/grep -E'
ac_cv_path_FGREP='/usr/bin/grep -F'
ac_cv_path_GREP=/usr/bin/grep
ac_cv_path_SED=/usr/bin/sed
ac_cv_path_install='/usr/bin/install -c'
ac_cv_path_mkdir=/usr/bin/mkdir
ac_cv_prog_AWK=gawk
ac_cv_prog_CPP='gcc -E'
ac_cv_prog_CXXCPP='g++ -E'
ac_cv_prog_STRIP=strip
ac_cv_prog_ac_ct_AR=ar
ac_cv_prog_ac_ct_CC=gcc
ac_cv_prog_ac_ct_CXX=g++
ac_cv_prog_ac_ct_DUMPBIN='link -dump'
ac_cv_prog_ac_ct_MANIFEST_TOOL=mt
ac_cv_prog_ac_ct_OBJDUMP=objdump
ac_cv_prog_ac_ct_RANLIB=ranlib
ac_cv_prog_ac_ct_STRIP=strip
ac_cv_prog_cc_c89=
ac_cv_prog_cc_g=yes
ac_cv_prog_cxx_g=yes
ac_cv_prog_make_make_set=yes
ac_cv_type_size_t=yes
ac_cv_type_ssize_t=yes
am_cv_CC_dependencies_compiler_type=gcc3
am_cv_CXX_dependencies_compiler_type=gcc3
lt_cv_ar_at_file=@
lt_cv_deplibs_check_method='file_magic ^x86 archive import|^x86 DLL'
lt_cv_file_magic_cmd=func_win32_libid
lt_cv_file_magic_test_file=
lt_cv_ld_reload_flag=-r
lt_cv_nm_interface='BSD nm'
lt_cv_objdir=.libs
lt_cv_path_LD=/usr/bin/ld
lt_cv_path_LDCXX=/usr/bin/ld
lt_cv_path_NM=no
lt_cv_path_mainfest_tool=no
lt_cv_prog_compiler_c_o=yes
lt_cv_prog_compiler_c_o_CXX=yes
lt_cv_prog_compiler_pic='-DDLL_EXPORT -DPIC'
lt_cv_prog_compiler_pic_CXX='-DDLL_EXPORT -DPIC'
lt_cv_prog_compiler_pic_works=yes
lt_cv_prog_compiler_pic_works_CXX=yes
lt_cv_prog_compiler_rtti_exceptions=no
lt_cv_prog_compiler_static_works=yes
lt_cv_prog_compiler_static_works_CXX=yes
lt_cv_prog_gnu_ld=yes
lt_cv_prog_gnu_ldcxx=yes
lt_cv_sharedlib_from_linklib_cmd=func_cygming_dll_for_implib_fallback
lt_cv_sys_global_symbol_pipe='sed -n -e '\''s/^.*[	 ]\([ABCDGIRSTW][ABCDGIRSTW]*\)[	 ][	 ]*\([_A-Za-z][_A-Za-z0-9]*\)$/\1 \2 \2/p'\'' | sed '\''/ __gnu_lto/d'\'''
lt_cv_sys_global_symbol_to_c_name_address='sed -n -e '\''s/^: \([^ ]*\)[ ]*$/  {\"\1\", (void *) 0},/p'\'' -e '\''s/^[ABCDGIRSTW]* \([^ ]*\) \([^ ]*\)$/  {"\2", (void *) \&\2},/p'\'''
lt_cv_sys_global_symbol_to_c_name_address_lib_prefix='sed -n -e '\''s/^: \([^ ]*\)[ ]*$/  {\"\1\", (void *) 0},/p'\'' -e '\''s/^[ABCDGIRSTW]* \([^ ]*\) \(lib[^ ]*\)$/  {"\2", (void *) \&\2},/p'\'' -e '\''s/^[ABCDGIRSTW]* \([^ ]*\) \([^ ]*\)$/  {"lib\2", (void *) \&\2},/p'\'''
lt_cv_sys_global_symbol_to_cdecl='sed -n -e '\''s/^T .* \(.*\)$/extern int \1();/p'\'' -e '\''s/^[ABCDGIRSTW]* .* \(.*\)$/extern char \1;/p'\'''
lt_cv_sys_max_cmd_len=1572864
lt_cv_to_host_file_cmd=func_convert_file_nix_to_w32
lt_cv_to_tool_file_cmd=func_convert_file_noop

## ----------------- ##
## Output variables. ##
## ----------------- ##

ACLOCAL='${SHELL} /home/zyk/cityhash-master/missing --run aclocal-1.11'
AMDEPBACKSLASH='\'
AMDEP_FALSE='#'
AMDEP_TRUE=''
AMTAR='$${TAR-tar}'
AR='ar'
AUTOCONF='${SHELL} /home/zyk/cityhash-master/missing --run autoconf'
AUTOHEADER='${SHELL} /home/zyk/cityhash-master/missing --run autoheader'
AUTOMAKE='${SHELL} /home/zyk/cityhash-master/missing --run automake-1.11'
AWK='gawk'
CC='gcc'
CCDEPMODE='depmode=gcc3'
CFLAGS='-g -O2'
CPP='gcc -E'
CPPFLAGS=''
CXX='g++'
CXXCPP='g++ -E'
CXXDEPMODE='depmode=gcc3'
CXXFLAGS='-g -O2'
CYGPATH_W='echo'
DEFS='-DHAVE_CONFIG_H'
DEPDIR='.deps'
DLLTOOL='false'
DSYMUTIL=''
DUMPBIN=':'
ECHO_C=''
ECHO_N='-n'
ECHO_T=''
EGREP='/usr/bin/grep -E'
EXEEXT=''
FGREP='/usr/bin/grep -F'
GREP='/usr/bin/grep'
INSTALL_DATA='${INSTALL} -m 644'
INSTALL_PROGRAM='${INSTALL}'
INSTALL_SCRIPT='${INSTALL}'
INSTALL_STRIP_PROGRAM='$(install_sh) -c -s'
LD='/usr/bin/ld'
LDFLAGS=''
LIBOBJS=''
LIBS=''
LIBTOOL='$(SHELL) $(top_builddir)/libtool'
LIPO=''
LN_S='ln -s'
LTLIBOBJS=''
MAKEINFO='${SHELL} /home/zyk/cityhash-master/missing --run makeinfo'
MANIFEST_TOOL=':'
MKDIR_P='/usr/bin/mkdir -p'
NM='nm'
NMEDIT=''
OBJDUMP='objdump'
OBJEXT='o'
OTOOL64=''
OTOOL=''
PACKAGE='cityhash'
PACKAGE_BUGREPORT='cityhash-discuss@googlegroups.com'
PACKAGE_NAME='CityHash'
PACKAGE_STRING='CityHash 1.1.1'
PACKAGE_TARNAME='cityhash'
PACKAGE_URL=''
PACKAGE_VERSION='1.1.1'
PATH_SEPARATOR=':'
RANLIB='ranlib'
SED='/usr/bin/sed'
SET_MAKE=''
SHELL='/bin/bash'
SSE42_FALSE=''
SSE42_TRUE='#'
STRIP='strip'
VERSION='1.1.1'
ac_ct_AR='ar'
ac_ct_CC='gcc'
ac_ct_CXX='g++'
ac_ct_DUMPBIN='link -dump'
am__EXEEXT_FALSE=''
am__EXEEXT_TRUE='#'
am__fastdepCC_FALSE='#'
am__fastdepCC_TRUE=''
am__fastdepCXX_FALSE='#'
am__fastdepCXX_TRUE=''
am__include='include'
am__isrc=''
am__leading_dot='.'
am__nodep='_no'
am__quote=''
am__tar='$${TAR-tar} chof - "$$tardir"'
am__untar='$${TAR-tar} xf -'
bindir='${exec_prefix}/bin'
build='i686-pc-linux-gnu'
build_alias='i686-pc-linux'
build_cpu='i686'
build_os='linux-gnu'
build_vendor='pc'
datadir='${datarootdir}'
datarootdir='${prefix}/share'
docdir='${datarootdir}/doc/${PACKAGE_TARNAME}'
dvidir='${docdir}'
exec_prefix='${prefix}'
host='i686-w64-mingw32'
host_alias='i686-w64-mingw32'
host_cpu='i686'
host_os='mingw32'
host_vendor='w64'
htmldir='${docdir}'
includedir='${prefix}/include'
infodir='${datarootdir}/info'
install_sh='${SHELL} /home/zyk/cityhash-master/install-sh'
libdir='${exec_prefix}/lib'
libexecdir='${exec_prefix}/libexec'
localedir='${datarootdir}/locale'
localstatedir='${prefix}/var'
mandir='${datarootdir}/man'
mkdir_p='/usr/bin/mkdir -p'
oldincludedir='/usr/include'
pdfdir='${docdir}'
prefix='/usr/local/target/opensdk'
program_transform_name='s,x,x,'
psdir='${docdir}'
sbindir='${exec_prefix}/sbin'
sharedstatedir='${prefix}/com'
sysconfdir='${prefix}/etc'
target_alias=''

## ----------- ##
## confdefs.h. ##
## ----------- ##

/* confdefs.h */
#define PACKAGE_NAME "CityHash"
#define PACKAGE_TARNAME "cityhash"
#define PACKAGE_VERSION "1.1.1"
#define PACKAGE_STRING "CityHash 1.1.1"
#define PACKAGE_BUGREPORT "cityhash-discuss@googlegroups.com"
#define PACKAGE_URL ""
#define STDC_HEADERS 1
#define HAVE_SYS_TYPES_H 1
#define HAVE_SYS_STAT_H 1
#define HAVE_STDLIB_H 1
#define HAVE_STRING_H 1
#define HAVE_MEMORY_H 1
#define HAVE_STRINGS_H 1
#define HAVE_INTTYPES_H 1
#define HAVE_STDINT_H 1
#define HAVE_UNISTD_H 1
#define HAVE_DLFCN_H 1
#define LT_OBJDIR ".libs/"
#define HAVE_STDINT_H 1
#define HAVE_STDLIB_H 1
#define HAVE_BUILTIN_EXPECT 1

configure: exit 0
